<?xml version="1.0" encoding="UTF-8"?>
<testsuite xmlns:xsi="http://www.w3.org/2001/XMLSchema-instance" xsi:noNamespaceSchemaLocation="https://maven.apache.org/surefire/maven-surefire-plugin/xsd/surefire-test-report.xsd" name="com.iktpreobuka.schooldiary.SchoolDiaryApplicationTests" time="17.506" tests="1" errors="0" skipped="0" failures="0">
  <properties>
    <property name="sun.desktop" value="windows"/>
    <property name="awt.toolkit" value="sun.awt.windows.WToolkit"/>
    <property name="java.specification.version" value="11"/>
    <property name="sun.cpu.isalist" value="amd64"/>
    <property name="sun.jnu.encoding" value="Cp1252"/>
    <property name="java.class.path" value="E:\Projects\spring-workspace\school_diary\target\test-classes;E:\Projects\spring-workspace\school_diary\target\classes;C:\Users\Gaspar\.m2\repository\com\github\rozidan\logger-spring-boot\1.1.0\logger-spring-boot-1.1.0.jar;C:\Users\Gaspar\.m2\repository\org\springframework\boot\spring-boot-starter-aop\2.2.0.M4\spring-boot-starter-aop-2.2.0.M4.jar;C:\Users\Gaspar\.m2\repository\org\aspectj\aspectjweaver\1.9.4\aspectjweaver-1.9.4.jar;C:\Users\Gaspar\.m2\repository\org\aspectj\aspectjrt\1.6.12\aspectjrt-1.6.12.jar;C:\Users\Gaspar\.m2\repository\org\hibernate\validator\hibernate-validator\6.0.17.Final\hibernate-validator-6.0.17.Final.jar;C:\Users\Gaspar\.m2\repository\javax\validation\validation-api\2.0.1.Final\validation-api-2.0.1.Final.jar;C:\Users\Gaspar\.m2\repository\org\jboss\logging\jboss-logging\3.4.0.Final\jboss-logging-3.4.0.Final.jar;C:\Users\Gaspar\.m2\repository\com\fasterxml\classmate\1.5.0\classmate-1.5.0.jar;C:\Users\Gaspar\.m2\repository\org\springframework\boot\spring-boot-starter-security\2.1.6.RELEASE\spring-boot-starter-security-2.1.6.RELEASE.jar;C:\Users\Gaspar\.m2\repository\org\springframework\spring-aop\5.2.0.M3\spring-aop-5.2.0.M3.jar;C:\Users\Gaspar\.m2\repository\org\springframework\spring-beans\5.2.0.M3\spring-beans-5.2.0.M3.jar;C:\Users\Gaspar\.m2\repository\org\springframework\security\spring-security-config\5.2.0.M3\spring-security-config-5.2.0.M3.jar;C:\Users\Gaspar\.m2\repository\org\springframework\security\spring-security-core\5.2.0.M3\spring-security-core-5.2.0.M3.jar;C:\Users\Gaspar\.m2\repository\org\springframework\spring-context\5.2.0.M3\spring-context-5.2.0.M3.jar;C:\Users\Gaspar\.m2\repository\org\springframework\security\spring-security-web\5.2.0.M3\spring-security-web-5.2.0.M3.jar;C:\Users\Gaspar\.m2\repository\org\springframework\spring-expression\5.2.0.M3\spring-expression-5.2.0.M3.jar;C:\Users\Gaspar\.m2\repository\org\springframework\boot\spring-boot-starter-data-jpa\2.1.6.RELEASE\spring-boot-starter-data-jpa-2.1.6.RELEASE.jar;C:\Users\Gaspar\.m2\repository\org\springframework\boot\spring-boot-starter-jdbc\2.2.0.M4\spring-boot-starter-jdbc-2.2.0.M4.jar;C:\Users\Gaspar\.m2\repository\com\zaxxer\HikariCP\3.3.1\HikariCP-3.3.1.jar;C:\Users\Gaspar\.m2\repository\org\springframework\spring-jdbc\5.2.0.M3\spring-jdbc-5.2.0.M3.jar;C:\Users\Gaspar\.m2\repository\javax\transaction\javax.transaction-api\1.3\javax.transaction-api-1.3.jar;C:\Users\Gaspar\.m2\repository\javax\xml\bind\jaxb-api\2.3.1\jaxb-api-2.3.1.jar;C:\Users\Gaspar\.m2\repository\javax\activation\javax.activation-api\1.2.0\javax.activation-api-1.2.0.jar;C:\Users\Gaspar\.m2\repository\org\hibernate\hibernate-core\5.4.3.Final\hibernate-core-5.4.3.Final.jar;C:\Users\Gaspar\.m2\repository\javax\persistence\javax.persistence-api\2.2\javax.persistence-api-2.2.jar;C:\Users\Gaspar\.m2\repository\org\javassist\javassist\3.24.0-GA\javassist-3.24.0-GA.jar;C:\Users\Gaspar\.m2\repository\net\bytebuddy\byte-buddy\1.9.13\byte-buddy-1.9.13.jar;C:\Users\Gaspar\.m2\repository\antlr\antlr\2.7.7\antlr-2.7.7.jar;C:\Users\Gaspar\.m2\repository\org\jboss\jandex\2.0.5.Final\jandex-2.0.5.Final.jar;C:\Users\Gaspar\.m2\repository\org\dom4j\dom4j\2.1.1\dom4j-2.1.1.jar;C:\Users\Gaspar\.m2\repository\org\hibernate\common\hibernate-commons-annotations\5.1.0.Final\hibernate-commons-annotations-5.1.0.Final.jar;C:\Users\Gaspar\.m2\repository\org\glassfish\jaxb\jaxb-runtime\2.3.2\jaxb-runtime-2.3.2.jar;C:\Users\Gaspar\.m2\repository\org\glassfish\jaxb\txw2\2.3.2\txw2-2.3.2.jar;C:\Users\Gaspar\.m2\repository\com\sun\istack\istack-commons-runtime\3.0.8\istack-commons-runtime-3.0.8.jar;C:\Users\Gaspar\.m2\repository\org\jvnet\staxex\stax-ex\1.8.1\stax-ex-1.8.1.jar;C:\Users\Gaspar\.m2\repository\com\sun\xml\fastinfoset\FastInfoset\1.2.16\FastInfoset-1.2.16.jar;C:\Users\Gaspar\.m2\repository\org\springframework\data\spring-data-jpa\2.2.0.RC1\spring-data-jpa-2.2.0.RC1.jar;C:\Users\Gaspar\.m2\repository\org\springframework\data\spring-data-commons\2.2.0.RC1\spring-data-commons-2.2.0.RC1.jar;C:\Users\Gaspar\.m2\repository\org\springframework\spring-orm\5.2.0.M3\spring-orm-5.2.0.M3.jar;C:\Users\Gaspar\.m2\repository\org\springframework\spring-tx\5.2.0.M3\spring-tx-5.2.0.M3.jar;C:\Users\Gaspar\.m2\repository\org\slf4j\slf4j-api\1.7.26\slf4j-api-1.7.26.jar;C:\Users\Gaspar\.m2\repository\org\springframework\spring-aspects\5.2.0.M3\spring-aspects-5.2.0.M3.jar;C:\Users\Gaspar\.m2\repository\mysql\mysql-connector-java\8.0.16\mysql-connector-java-8.0.16.jar;C:\Users\Gaspar\.m2\repository\com\fasterxml\jackson\core\jackson-core\2.9.9\jackson-core-2.9.9.jar;C:\Users\Gaspar\.m2\repository\com\fasterxml\jackson\core\jackson-databind\2.9.9\jackson-databind-2.9.9.jar;C:\Users\Gaspar\.m2\repository\com\fasterxml\jackson\core\jackson-annotations\2.9.9\jackson-annotations-2.9.9.jar;C:\Users\Gaspar\.m2\repository\org\springframework\boot\spring-boot-starter-thymeleaf\2.2.0.M4\spring-boot-starter-thymeleaf-2.2.0.M4.jar;C:\Users\Gaspar\.m2\repository\org\thymeleaf\thymeleaf-spring5\3.0.11.RELEASE\thymeleaf-spring5-3.0.11.RELEASE.jar;C:\Users\Gaspar\.m2\repository\org\thymeleaf\thymeleaf\3.0.11.RELEASE\thymeleaf-3.0.11.RELEASE.jar;C:\Users\Gaspar\.m2\repository\org\attoparser\attoparser\2.0.5.RELEASE\attoparser-2.0.5.RELEASE.jar;C:\Users\Gaspar\.m2\repository\org\unbescape\unbescape\1.1.6.RELEASE\unbescape-1.1.6.RELEASE.jar;C:\Users\Gaspar\.m2\repository\org\thymeleaf\extras\thymeleaf-extras-java8time\3.0.4.RELEASE\thymeleaf-extras-java8time-3.0.4.RELEASE.jar;C:\Users\Gaspar\.m2\repository\org\springframework\boot\spring-boot-starter-web\2.2.0.M4\spring-boot-starter-web-2.2.0.M4.jar;C:\Users\Gaspar\.m2\repository\org\springframework\boot\spring-boot-starter-json\2.2.0.M4\spring-boot-starter-json-2.2.0.M4.jar;C:\Users\Gaspar\.m2\repository\com\fasterxml\jackson\datatype\jackson-datatype-jdk8\2.9.9\jackson-datatype-jdk8-2.9.9.jar;C:\Users\Gaspar\.m2\repository\com\fasterxml\jackson\datatype\jackson-datatype-jsr310\2.9.9\jackson-datatype-jsr310-2.9.9.jar;C:\Users\Gaspar\.m2\repository\com\fasterxml\jackson\module\jackson-module-parameter-names\2.9.9\jackson-module-parameter-names-2.9.9.jar;C:\Users\Gaspar\.m2\repository\org\springframework\boot\spring-boot-starter-tomcat\2.2.0.M4\spring-boot-starter-tomcat-2.2.0.M4.jar;C:\Users\Gaspar\.m2\repository\jakarta\annotation\jakarta.annotation-api\1.3.4\jakarta.annotation-api-1.3.4.jar;C:\Users\Gaspar\.m2\repository\org\apache\tomcat\embed\tomcat-embed-core\9.0.21\tomcat-embed-core-9.0.21.jar;C:\Users\Gaspar\.m2\repository\org\apache\tomcat\embed\tomcat-embed-el\9.0.21\tomcat-embed-el-9.0.21.jar;C:\Users\Gaspar\.m2\repository\org\apache\tomcat\embed\tomcat-embed-websocket\9.0.21\tomcat-embed-websocket-9.0.21.jar;C:\Users\Gaspar\.m2\repository\org\springframework\boot\spring-boot-starter-validation\2.2.0.M4\spring-boot-starter-validation-2.2.0.M4.jar;C:\Users\Gaspar\.m2\repository\jakarta\validation\jakarta.validation-api\2.0.1\jakarta.validation-api-2.0.1.jar;C:\Users\Gaspar\.m2\repository\org\springframework\spring-web\5.2.0.M3\spring-web-5.2.0.M3.jar;C:\Users\Gaspar\.m2\repository\org\springframework\spring-webmvc\5.2.0.M3\spring-webmvc-5.2.0.M3.jar;C:\Users\Gaspar\.m2\repository\org\springframework\boot\spring-boot-starter-mail\2.1.6.RELEASE\spring-boot-starter-mail-2.1.6.RELEASE.jar;C:\Users\Gaspar\.m2\repository\org\springframework\spring-context-support\5.2.0.M3\spring-context-support-5.2.0.M3.jar;C:\Users\Gaspar\.m2\repository\com\sun\mail\javax.mail\1.6.2\javax.mail-1.6.2.jar;C:\Users\Gaspar\.m2\repository\javax\activation\activation\1.1\activation-1.1.jar;C:\Users\Gaspar\.m2\repository\com\fasterxml\jackson\datatype\jackson-datatype-hibernate4\2.2.3\jackson-datatype-hibernate4-2.2.3.jar;C:\Users\Gaspar\.m2\repository\org\springframework\boot\spring-boot-starter\2.1.6.RELEASE\spring-boot-starter-2.1.6.RELEASE.jar;C:\Users\Gaspar\.m2\repository\org\springframework\boot\spring-boot\2.2.0.M4\spring-boot-2.2.0.M4.jar;C:\Users\Gaspar\.m2\repository\org\springframework\boot\spring-boot-autoconfigure\2.2.0.M4\spring-boot-autoconfigure-2.2.0.M4.jar;C:\Users\Gaspar\.m2\repository\javax\annotation\javax.annotation-api\1.3.2\javax.annotation-api-1.3.2.jar;C:\Users\Gaspar\.m2\repository\org\springframework\spring-core\5.2.0.M3\spring-core-5.2.0.M3.jar;C:\Users\Gaspar\.m2\repository\org\springframework\spring-jcl\5.2.0.M3\spring-jcl-5.2.0.M3.jar;C:\Users\Gaspar\.m2\repository\org\yaml\snakeyaml\1.24\snakeyaml-1.24.jar;C:\Users\Gaspar\.m2\repository\org\springframework\boot\spring-boot-starter-log4j2\2.1.6.RELEASE\spring-boot-starter-log4j2-2.1.6.RELEASE.jar;C:\Users\Gaspar\.m2\repository\org\apache\logging\log4j\log4j-slf4j-impl\2.11.2\log4j-slf4j-impl-2.11.2.jar;C:\Users\Gaspar\.m2\repository\org\apache\logging\log4j\log4j-api\2.11.2\log4j-api-2.11.2.jar;C:\Users\Gaspar\.m2\repository\org\apache\logging\log4j\log4j-core\2.11.2\log4j-core-2.11.2.jar;C:\Users\Gaspar\.m2\repository\org\apache\logging\log4j\log4j-jul\2.11.2\log4j-jul-2.11.2.jar;C:\Users\Gaspar\.m2\repository\org\slf4j\jul-to-slf4j\1.7.26\jul-to-slf4j-1.7.26.jar;C:\Users\Gaspar\.m2\repository\org\springframework\boot\spring-boot-devtools\2.2.0.M4\spring-boot-devtools-2.2.0.M4.jar;C:\Users\Gaspar\.m2\repository\org\springframework\boot\spring-boot-starter-test\2.2.0.M4\spring-boot-starter-test-2.2.0.M4.jar;C:\Users\Gaspar\.m2\repository\org\springframework\boot\spring-boot-test\2.2.0.M4\spring-boot-test-2.2.0.M4.jar;C:\Users\Gaspar\.m2\repository\org\springframework\boot\spring-boot-test-autoconfigure\2.2.0.M4\spring-boot-test-autoconfigure-2.2.0.M4.jar;C:\Users\Gaspar\.m2\repository\com\jayway\jsonpath\json-path\2.4.0\json-path-2.4.0.jar;C:\Users\Gaspar\.m2\repository\net\minidev\json-smart\2.3\json-smart-2.3.jar;C:\Users\Gaspar\.m2\repository\net\minidev\accessors-smart\1.2\accessors-smart-1.2.jar;C:\Users\Gaspar\.m2\repository\org\ow2\asm\asm\5.0.4\asm-5.0.4.jar;C:\Users\Gaspar\.m2\repository\jakarta\xml\bind\jakarta.xml.bind-api\2.3.2\jakarta.xml.bind-api-2.3.2.jar;C:\Users\Gaspar\.m2\repository\jakarta\activation\jakarta.activation-api\1.2.1\jakarta.activation-api-1.2.1.jar;C:\Users\Gaspar\.m2\repository\org\junit\jupiter\junit-jupiter\5.4.2\junit-jupiter-5.4.2.jar;C:\Users\Gaspar\.m2\repository\org\junit\jupiter\junit-jupiter-api\5.4.2\junit-jupiter-api-5.4.2.jar;C:\Users\Gaspar\.m2\repository\org\apiguardian\apiguardian-api\1.0.0\apiguardian-api-1.0.0.jar;C:\Users\Gaspar\.m2\repository\org\opentest4j\opentest4j\1.1.1\opentest4j-1.1.1.jar;C:\Users\Gaspar\.m2\repository\org\junit\platform\junit-platform-commons\1.4.2\junit-platform-commons-1.4.2.jar;C:\Users\Gaspar\.m2\repository\org\junit\jupiter\junit-jupiter-params\5.4.2\junit-jupiter-params-5.4.2.jar;C:\Users\Gaspar\.m2\repository\org\junit\jupiter\junit-jupiter-engine\5.4.2\junit-jupiter-engine-5.4.2.jar;C:\Users\Gaspar\.m2\repository\org\junit\platform\junit-platform-engine\1.4.2\junit-platform-engine-1.4.2.jar;C:\Users\Gaspar\.m2\repository\org\mockito\mockito-junit-jupiter\2.28.2\mockito-junit-jupiter-2.28.2.jar;C:\Users\Gaspar\.m2\repository\org\assertj\assertj-core\3.12.2\assertj-core-3.12.2.jar;C:\Users\Gaspar\.m2\repository\org\hamcrest\hamcrest\2.1\hamcrest-2.1.jar;C:\Users\Gaspar\.m2\repository\org\mockito\mockito-core\2.28.2\mockito-core-2.28.2.jar;C:\Users\Gaspar\.m2\repository\net\bytebuddy\byte-buddy-agent\1.9.13\byte-buddy-agent-1.9.13.jar;C:\Users\Gaspar\.m2\repository\org\objenesis\objenesis\2.6\objenesis-2.6.jar;C:\Users\Gaspar\.m2\repository\org\skyscreamer\jsonassert\1.5.0\jsonassert-1.5.0.jar;C:\Users\Gaspar\.m2\repository\com\vaadin\external\google\android-json\0.0.20131108.vaadin1\android-json-0.0.20131108.vaadin1.jar;C:\Users\Gaspar\.m2\repository\org\springframework\spring-test\5.2.0.M3\spring-test-5.2.0.M3.jar;C:\Users\Gaspar\.m2\repository\org\xmlunit\xmlunit-core\2.6.2\xmlunit-core-2.6.2.jar;"/>
    <property name="java.vm.vendor" value="Oracle Corporation"/>
    <property name="sun.arch.data.model" value="64"/>
    <property name="user.variant" value=""/>
    <property name="java.vendor.url" value="http://java.oracle.com/"/>
    <property name="user.timezone" value="Europe/Prague"/>
    <property name="java.vm.specification.version" value="11"/>
    <property name="os.name" value="Windows 10"/>
    <property name="sun.java.launcher" value="SUN_STANDARD"/>
    <property name="user.country" value="US"/>
    <property name="sun.boot.library.path" value="C:\Program Files\Java\jdk-11.0.2\bin"/>
    <property name="sun.java.command" value="C:\Users\Gaspar\AppData\Local\Temp\surefire11328464749391626286\surefirebooter16037188619705783056.jar C:\Users\Gaspar\AppData\Local\Temp\surefire11328464749391626286 2019-11-07T20-16-09_379-jvmRun1 surefire12412108092037774465tmp surefire_06100956448113617801tmp"/>
    <property name="jdk.debug" value="release"/>
    <property name="surefire.test.class.path" value="E:\Projects\spring-workspace\school_diary\target\test-classes;E:\Projects\spring-workspace\school_diary\target\classes;C:\Users\Gaspar\.m2\repository\com\github\rozidan\logger-spring-boot\1.1.0\logger-spring-boot-1.1.0.jar;C:\Users\Gaspar\.m2\repository\org\springframework\boot\spring-boot-starter-aop\2.2.0.M4\spring-boot-starter-aop-2.2.0.M4.jar;C:\Users\Gaspar\.m2\repository\org\aspectj\aspectjweaver\1.9.4\aspectjweaver-1.9.4.jar;C:\Users\Gaspar\.m2\repository\org\aspectj\aspectjrt\1.6.12\aspectjrt-1.6.12.jar;C:\Users\Gaspar\.m2\repository\org\hibernate\validator\hibernate-validator\6.0.17.Final\hibernate-validator-6.0.17.Final.jar;C:\Users\Gaspar\.m2\repository\javax\validation\validation-api\2.0.1.Final\validation-api-2.0.1.Final.jar;C:\Users\Gaspar\.m2\repository\org\jboss\logging\jboss-logging\3.4.0.Final\jboss-logging-3.4.0.Final.jar;C:\Users\Gaspar\.m2\repository\com\fasterxml\classmate\1.5.0\classmate-1.5.0.jar;C:\Users\Gaspar\.m2\repository\org\springframework\boot\spring-boot-starter-security\2.1.6.RELEASE\spring-boot-starter-security-2.1.6.RELEASE.jar;C:\Users\Gaspar\.m2\repository\org\springframework\spring-aop\5.2.0.M3\spring-aop-5.2.0.M3.jar;C:\Users\Gaspar\.m2\repository\org\springframework\spring-beans\5.2.0.M3\spring-beans-5.2.0.M3.jar;C:\Users\Gaspar\.m2\repository\org\springframework\security\spring-security-config\5.2.0.M3\spring-security-config-5.2.0.M3.jar;C:\Users\Gaspar\.m2\repository\org\springframework\security\spring-security-core\5.2.0.M3\spring-security-core-5.2.0.M3.jar;C:\Users\Gaspar\.m2\repository\org\springframework\spring-context\5.2.0.M3\spring-context-5.2.0.M3.jar;C:\Users\Gaspar\.m2\repository\org\springframework\security\spring-security-web\5.2.0.M3\spring-security-web-5.2.0.M3.jar;C:\Users\Gaspar\.m2\repository\org\springframework\spring-expression\5.2.0.M3\spring-expression-5.2.0.M3.jar;C:\Users\Gaspar\.m2\repository\org\springframework\boot\spring-boot-starter-data-jpa\2.1.6.RELEASE\spring-boot-starter-data-jpa-2.1.6.RELEASE.jar;C:\Users\Gaspar\.m2\repository\org\springframework\boot\spring-boot-starter-jdbc\2.2.0.M4\spring-boot-starter-jdbc-2.2.0.M4.jar;C:\Users\Gaspar\.m2\repository\com\zaxxer\HikariCP\3.3.1\HikariCP-3.3.1.jar;C:\Users\Gaspar\.m2\repository\org\springframework\spring-jdbc\5.2.0.M3\spring-jdbc-5.2.0.M3.jar;C:\Users\Gaspar\.m2\repository\javax\transaction\javax.transaction-api\1.3\javax.transaction-api-1.3.jar;C:\Users\Gaspar\.m2\repository\javax\xml\bind\jaxb-api\2.3.1\jaxb-api-2.3.1.jar;C:\Users\Gaspar\.m2\repository\javax\activation\javax.activation-api\1.2.0\javax.activation-api-1.2.0.jar;C:\Users\Gaspar\.m2\repository\org\hibernate\hibernate-core\5.4.3.Final\hibernate-core-5.4.3.Final.jar;C:\Users\Gaspar\.m2\repository\javax\persistence\javax.persistence-api\2.2\javax.persistence-api-2.2.jar;C:\Users\Gaspar\.m2\repository\org\javassist\javassist\3.24.0-GA\javassist-3.24.0-GA.jar;C:\Users\Gaspar\.m2\repository\net\bytebuddy\byte-buddy\1.9.13\byte-buddy-1.9.13.jar;C:\Users\Gaspar\.m2\repository\antlr\antlr\2.7.7\antlr-2.7.7.jar;C:\Users\Gaspar\.m2\repository\org\jboss\jandex\2.0.5.Final\jandex-2.0.5.Final.jar;C:\Users\Gaspar\.m2\repository\org\dom4j\dom4j\2.1.1\dom4j-2.1.1.jar;C:\Users\Gaspar\.m2\repository\org\hibernate\common\hibernate-commons-annotations\5.1.0.Final\hibernate-commons-annotations-5.1.0.Final.jar;C:\Users\Gaspar\.m2\repository\org\glassfish\jaxb\jaxb-runtime\2.3.2\jaxb-runtime-2.3.2.jar;C:\Users\Gaspar\.m2\repository\org\glassfish\jaxb\txw2\2.3.2\txw2-2.3.2.jar;C:\Users\Gaspar\.m2\repository\com\sun\istack\istack-commons-runtime\3.0.8\istack-commons-runtime-3.0.8.jar;C:\Users\Gaspar\.m2\repository\org\jvnet\staxex\stax-ex\1.8.1\stax-ex-1.8.1.jar;C:\Users\Gaspar\.m2\repository\com\sun\xml\fastinfoset\FastInfoset\1.2.16\FastInfoset-1.2.16.jar;C:\Users\Gaspar\.m2\repository\org\springframework\data\spring-data-jpa\2.2.0.RC1\spring-data-jpa-2.2.0.RC1.jar;C:\Users\Gaspar\.m2\repository\org\springframework\data\spring-data-commons\2.2.0.RC1\spring-data-commons-2.2.0.RC1.jar;C:\Users\Gaspar\.m2\repository\org\springframework\spring-orm\5.2.0.M3\spring-orm-5.2.0.M3.jar;C:\Users\Gaspar\.m2\repository\org\springframework\spring-tx\5.2.0.M3\spring-tx-5.2.0.M3.jar;C:\Users\Gaspar\.m2\repository\org\slf4j\slf4j-api\1.7.26\slf4j-api-1.7.26.jar;C:\Users\Gaspar\.m2\repository\org\springframework\spring-aspects\5.2.0.M3\spring-aspects-5.2.0.M3.jar;C:\Users\Gaspar\.m2\repository\mysql\mysql-connector-java\8.0.16\mysql-connector-java-8.0.16.jar;C:\Users\Gaspar\.m2\repository\com\fasterxml\jackson\core\jackson-core\2.9.9\jackson-core-2.9.9.jar;C:\Users\Gaspar\.m2\repository\com\fasterxml\jackson\core\jackson-databind\2.9.9\jackson-databind-2.9.9.jar;C:\Users\Gaspar\.m2\repository\com\fasterxml\jackson\core\jackson-annotations\2.9.9\jackson-annotations-2.9.9.jar;C:\Users\Gaspar\.m2\repository\org\springframework\boot\spring-boot-starter-thymeleaf\2.2.0.M4\spring-boot-starter-thymeleaf-2.2.0.M4.jar;C:\Users\Gaspar\.m2\repository\org\thymeleaf\thymeleaf-spring5\3.0.11.RELEASE\thymeleaf-spring5-3.0.11.RELEASE.jar;C:\Users\Gaspar\.m2\repository\org\thymeleaf\thymeleaf\3.0.11.RELEASE\thymeleaf-3.0.11.RELEASE.jar;C:\Users\Gaspar\.m2\repository\org\attoparser\attoparser\2.0.5.RELEASE\attoparser-2.0.5.RELEASE.jar;C:\Users\Gaspar\.m2\repository\org\unbescape\unbescape\1.1.6.RELEASE\unbescape-1.1.6.RELEASE.jar;C:\Users\Gaspar\.m2\repository\org\thymeleaf\extras\thymeleaf-extras-java8time\3.0.4.RELEASE\thymeleaf-extras-java8time-3.0.4.RELEASE.jar;C:\Users\Gaspar\.m2\repository\org\springframework\boot\spring-boot-starter-web\2.2.0.M4\spring-boot-starter-web-2.2.0.M4.jar;C:\Users\Gaspar\.m2\repository\org\springframework\boot\spring-boot-starter-json\2.2.0.M4\spring-boot-starter-json-2.2.0.M4.jar;C:\Users\Gaspar\.m2\repository\com\fasterxml\jackson\datatype\jackson-datatype-jdk8\2.9.9\jackson-datatype-jdk8-2.9.9.jar;C:\Users\Gaspar\.m2\repository\com\fasterxml\jackson\datatype\jackson-datatype-jsr310\2.9.9\jackson-datatype-jsr310-2.9.9.jar;C:\Users\Gaspar\.m2\repository\com\fasterxml\jackson\module\jackson-module-parameter-names\2.9.9\jackson-module-parameter-names-2.9.9.jar;C:\Users\Gaspar\.m2\repository\org\springframework\boot\spring-boot-starter-tomcat\2.2.0.M4\spring-boot-starter-tomcat-2.2.0.M4.jar;C:\Users\Gaspar\.m2\repository\jakarta\annotation\jakarta.annotation-api\1.3.4\jakarta.annotation-api-1.3.4.jar;C:\Users\Gaspar\.m2\repository\org\apache\tomcat\embed\tomcat-embed-core\9.0.21\tomcat-embed-core-9.0.21.jar;C:\Users\Gaspar\.m2\repository\org\apache\tomcat\embed\tomcat-embed-el\9.0.21\tomcat-embed-el-9.0.21.jar;C:\Users\Gaspar\.m2\repository\org\apache\tomcat\embed\tomcat-embed-websocket\9.0.21\tomcat-embed-websocket-9.0.21.jar;C:\Users\Gaspar\.m2\repository\org\springframework\boot\spring-boot-starter-validation\2.2.0.M4\spring-boot-starter-validation-2.2.0.M4.jar;C:\Users\Gaspar\.m2\repository\jakarta\validation\jakarta.validation-api\2.0.1\jakarta.validation-api-2.0.1.jar;C:\Users\Gaspar\.m2\repository\org\springframework\spring-web\5.2.0.M3\spring-web-5.2.0.M3.jar;C:\Users\Gaspar\.m2\repository\org\springframework\spring-webmvc\5.2.0.M3\spring-webmvc-5.2.0.M3.jar;C:\Users\Gaspar\.m2\repository\org\springframework\boot\spring-boot-starter-mail\2.1.6.RELEASE\spring-boot-starter-mail-2.1.6.RELEASE.jar;C:\Users\Gaspar\.m2\repository\org\springframework\spring-context-support\5.2.0.M3\spring-context-support-5.2.0.M3.jar;C:\Users\Gaspar\.m2\repository\com\sun\mail\javax.mail\1.6.2\javax.mail-1.6.2.jar;C:\Users\Gaspar\.m2\repository\javax\activation\activation\1.1\activation-1.1.jar;C:\Users\Gaspar\.m2\repository\com\fasterxml\jackson\datatype\jackson-datatype-hibernate4\2.2.3\jackson-datatype-hibernate4-2.2.3.jar;C:\Users\Gaspar\.m2\repository\org\springframework\boot\spring-boot-starter\2.1.6.RELEASE\spring-boot-starter-2.1.6.RELEASE.jar;C:\Users\Gaspar\.m2\repository\org\springframework\boot\spring-boot\2.2.0.M4\spring-boot-2.2.0.M4.jar;C:\Users\Gaspar\.m2\repository\org\springframework\boot\spring-boot-autoconfigure\2.2.0.M4\spring-boot-autoconfigure-2.2.0.M4.jar;C:\Users\Gaspar\.m2\repository\javax\annotation\javax.annotation-api\1.3.2\javax.annotation-api-1.3.2.jar;C:\Users\Gaspar\.m2\repository\org\springframework\spring-core\5.2.0.M3\spring-core-5.2.0.M3.jar;C:\Users\Gaspar\.m2\repository\org\springframework\spring-jcl\5.2.0.M3\spring-jcl-5.2.0.M3.jar;C:\Users\Gaspar\.m2\repository\org\yaml\snakeyaml\1.24\snakeyaml-1.24.jar;C:\Users\Gaspar\.m2\repository\org\springframework\boot\spring-boot-starter-log4j2\2.1.6.RELEASE\spring-boot-starter-log4j2-2.1.6.RELEASE.jar;C:\Users\Gaspar\.m2\repository\org\apache\logging\log4j\log4j-slf4j-impl\2.11.2\log4j-slf4j-impl-2.11.2.jar;C:\Users\Gaspar\.m2\repository\org\apache\logging\log4j\log4j-api\2.11.2\log4j-api-2.11.2.jar;C:\Users\Gaspar\.m2\repository\org\apache\logging\log4j\log4j-core\2.11.2\log4j-core-2.11.2.jar;C:\Users\Gaspar\.m2\repository\org\apache\logging\log4j\log4j-jul\2.11.2\log4j-jul-2.11.2.jar;C:\Users\Gaspar\.m2\repository\org\slf4j\jul-to-slf4j\1.7.26\jul-to-slf4j-1.7.26.jar;C:\Users\Gaspar\.m2\repository\org\springframework\boot\spring-boot-devtools\2.2.0.M4\spring-boot-devtools-2.2.0.M4.jar;C:\Users\Gaspar\.m2\repository\org\springframework\boot\spring-boot-starter-test\2.2.0.M4\spring-boot-starter-test-2.2.0.M4.jar;C:\Users\Gaspar\.m2\repository\org\springframework\boot\spring-boot-test\2.2.0.M4\spring-boot-test-2.2.0.M4.jar;C:\Users\Gaspar\.m2\repository\org\springframework\boot\spring-boot-test-autoconfigure\2.2.0.M4\spring-boot-test-autoconfigure-2.2.0.M4.jar;C:\Users\Gaspar\.m2\repository\com\jayway\jsonpath\json-path\2.4.0\json-path-2.4.0.jar;C:\Users\Gaspar\.m2\repository\net\minidev\json-smart\2.3\json-smart-2.3.jar;C:\Users\Gaspar\.m2\repository\net\minidev\accessors-smart\1.2\accessors-smart-1.2.jar;C:\Users\Gaspar\.m2\repository\org\ow2\asm\asm\5.0.4\asm-5.0.4.jar;C:\Users\Gaspar\.m2\repository\jakarta\xml\bind\jakarta.xml.bind-api\2.3.2\jakarta.xml.bind-api-2.3.2.jar;C:\Users\Gaspar\.m2\repository\jakarta\activation\jakarta.activation-api\1.2.1\jakarta.activation-api-1.2.1.jar;C:\Users\Gaspar\.m2\repository\org\junit\jupiter\junit-jupiter\5.4.2\junit-jupiter-5.4.2.jar;C:\Users\Gaspar\.m2\repository\org\junit\jupiter\junit-jupiter-api\5.4.2\junit-jupiter-api-5.4.2.jar;C:\Users\Gaspar\.m2\repository\org\apiguardian\apiguardian-api\1.0.0\apiguardian-api-1.0.0.jar;C:\Users\Gaspar\.m2\repository\org\opentest4j\opentest4j\1.1.1\opentest4j-1.1.1.jar;C:\Users\Gaspar\.m2\repository\org\junit\platform\junit-platform-commons\1.4.2\junit-platform-commons-1.4.2.jar;C:\Users\Gaspar\.m2\repository\org\junit\jupiter\junit-jupiter-params\5.4.2\junit-jupiter-params-5.4.2.jar;C:\Users\Gaspar\.m2\repository\org\junit\jupiter\junit-jupiter-engine\5.4.2\junit-jupiter-engine-5.4.2.jar;C:\Users\Gaspar\.m2\repository\org\junit\platform\junit-platform-engine\1.4.2\junit-platform-engine-1.4.2.jar;C:\Users\Gaspar\.m2\repository\org\mockito\mockito-junit-jupiter\2.28.2\mockito-junit-jupiter-2.28.2.jar;C:\Users\Gaspar\.m2\repository\org\assertj\assertj-core\3.12.2\assertj-core-3.12.2.jar;C:\Users\Gaspar\.m2\repository\org\hamcrest\hamcrest\2.1\hamcrest-2.1.jar;C:\Users\Gaspar\.m2\repository\org\mockito\mockito-core\2.28.2\mockito-core-2.28.2.jar;C:\Users\Gaspar\.m2\repository\net\bytebuddy\byte-buddy-agent\1.9.13\byte-buddy-agent-1.9.13.jar;C:\Users\Gaspar\.m2\repository\org\objenesis\objenesis\2.6\objenesis-2.6.jar;C:\Users\Gaspar\.m2\repository\org\skyscreamer\jsonassert\1.5.0\jsonassert-1.5.0.jar;C:\Users\Gaspar\.m2\repository\com\vaadin\external\google\android-json\0.0.20131108.vaadin1\android-json-0.0.20131108.vaadin1.jar;C:\Users\Gaspar\.m2\repository\org\springframework\spring-test\5.2.0.M3\spring-test-5.2.0.M3.jar;C:\Users\Gaspar\.m2\repository\org\xmlunit\xmlunit-core\2.6.2\xmlunit-core-2.6.2.jar;"/>
    <property name="sun.cpu.endian" value="little"/>
    <property name="user.home" value="C:\Users\Gaspar"/>
    <property name="user.language" value="en"/>
    <property name="java.specification.vendor" value="Oracle Corporation"/>
    <property name="java.version.date" value="2019-01-15"/>
    <property name="java.home" value="C:\Program Files\Java\jdk-11.0.2"/>
    <property name="file.separator" value="\"/>
    <property name="style.color" value="always"/>
    <property name="basedir" value="E:\Projects\spring-workspace\school_diary"/>
    <property name="java.vm.compressedOopsMode" value="Zero based"/>
    <property name="line.separator" value="&#10;"/>
    <property name="java.specification.name" value="Java Platform API Specification"/>
    <property name="java.vm.specification.vendor" value="Oracle Corporation"/>
    <property name="java.awt.graphicsenv" value="sun.awt.Win32GraphicsEnvironment"/>
    <property name="surefire.real.class.path" value="C:\Users\Gaspar\AppData\Local\Temp\surefire11328464749391626286\surefirebooter16037188619705783056.jar"/>
    <property name="user.script" value=""/>
    <property name="sun.management.compiler" value="HotSpot 64-Bit Tiered Compilers"/>
    <property name="java.runtime.version" value="11.0.2+9-LTS"/>
    <property name="user.name" value="Gaspar"/>
    <property name="path.separator" value=";"/>
    <property name="os.version" value="10.0"/>
    <property name="java.runtime.name" value="Java(TM) SE Runtime Environment"/>
    <property name="file.encoding" value="Cp1252"/>
    <property name="java.vm.name" value="Java HotSpot(TM) 64-Bit Server VM"/>
    <property name="java.vendor.version" value="18.9"/>
    <property name="localRepository" value="C:\Users\Gaspar\.m2\repository"/>
    <property name="java.vendor.url.bug" value="http://bugreport.java.com/bugreport/"/>
    <property name="java.io.tmpdir" value="C:\Users\Gaspar\AppData\Local\Temp\"/>
    <property name="java.version" value="11.0.2"/>
    <property name="user.dir" value="E:\Projects\spring-workspace\school_diary"/>
    <property name="os.arch" value="amd64"/>
    <property name="java.vm.specification.name" value="Java Virtual Machine Specification"/>
    <property name="java.awt.printerjob" value="sun.awt.windows.WPrinterJob"/>
    <property name="sun.os.patch.level" value=""/>
    <property name="java.library.path" value="C:\Program Files\Java\jdk-11.0.2\bin;C:\Windows\Sun\Java\bin;C:\Windows\system32;C:\Windows;C:/Program Files/Java/jdk-11.0.2/bin/server;C:/Program Files/Java/jdk-11.0.2/bin;C:\Program Files (x86)\Common Files\Oracle\Java\javapath;C:\Windows\system32;C:\Windows;C:\Windows\System32\Wbem;C:\Windows\System32\WindowsPowerShell\v1.0\;C:\Windows\System32\OpenSSH\;C:\Program Files\Microsoft SQL Server\130\Tools\Binn\;C:\Program Files\JetBrains\PhpStorm 2018.2.4\bin;C:\wamp64\bin\mysql\mysql5.7.23\bin;C:\Program Files (x86)\NVIDIA Corporation\PhysX\Common;C:\Program Files\Java\jdk-11.0.2\bin;E:\Software\apache-maven-3.6.1\bin;E:\Software\gradle-5.4.1\bin;C:\wamp64\bin\php\php7.3.6;C:\ProgramData\ComposerSetup\bin;C:\Program Files\nodejs\;C:\Program Files\Microsoft VS Code\bin;C:\Program Files\Git\cmd;C:\Users\Gaspar\AppData\Local\Programs\Python\Python37-32\Scripts\;C:\Users\Gaspar\AppData\Local\Programs\Python\Python37-32\;C:\Users\Gaspar\AppData\Local\Microsoft\WindowsApps;C:\Users\Gaspar\AppData\Local\Programs\Microsoft VS Code\bin;C:\Program Files\JetBrains\WebStorm 2018.3\bin;;C:\Users\Gaspar\AppData\Roaming\Composer\vendor\bin;C:\Users\Gaspar\AppData\Roaming\npm;E:\Software\spring-tool-suite-4.2.1.RELEASE;;."/>
    <property name="java.vendor" value="Oracle Corporation"/>
    <property name="java.vm.info" value="mixed mode"/>
    <property name="java.vm.version" value="11.0.2+9-LTS"/>
    <property name="sun.io.unicode.encoding" value="UnicodeLittle"/>
    <property name="java.class.version" value="55.0"/>
  </properties>
  <testcase name="contextLoads" classname="com.iktpreobuka.schooldiary.SchoolDiaryApplicationTests" time="0.208"/>
</testsuite>